# JRE version: Java(TM) SE Runtime Environment (8.0_102-b14) (build 1.8.0_102-b14)
# Java VM: Java HotSpot(TM) 64-Bit Server VM (25.102-b14 mixed mode windows-amd64 compressed oops)
Heap:
 PSYoungGen      total 139776K, used 20863K [0x000000076c500000, 0x0000000775800000, 0x00000007c0000000)
  eden space 129024K, 7% used [0x000000076c500000,0x000000076cee7f50,0x0000000774300000)
  from space 10752K, 99% used [0x0000000774300000,0x0000000774d78020,0x0000000774d80000)
  to   space 10752K, 0% used [0x0000000774d80000,0x0000000774d80000,0x0000000775800000)
 ParOldGen       total 172032K, used 14285K [0x00000006c4e00000, 0x00000006cf600000, 0x000000076c500000)
  object space 172032K, 8% used [0x00000006c4e00000,0x00000006c5bf34e8,0x00000006cf600000)
 Metaspace       used 15949K, capacity 16250K, committed 16384K, reserved 1062912K
  class space    used 1852K, capacity 1956K, committed 2048K, reserved 1048576K
GC Heap History (6 events):
Event: 1.551 GC heap before
{Heap before GC invocations=1 (full 0):
 PSYoungGen      total 75264K, used 64512K [0x000000076c500000, 0x0000000771900000, 0x00000007c0000000)
  eden space 64512K, 100% used [0x000000076c500000,0x0000000770400000,0x0000000770400000)
  from space 10752K, 0% used [0x0000000770e80000,0x0000000770e80000,0x0000000771900000)
  to   space 10752K, 0% used [0x0000000770400000,0x0000000770400000,0x0000000770e80000)
 ParOldGen       total 172032K, used 0K [0x00000006c4e00000, 0x00000006cf600000, 0x000000076c500000)
  object space 172032K, 0% used [0x00000006c4e00000,0x00000006c4e00000,0x00000006cf600000)
 Metaspace       used 11173K, capacity 11404K, committed 11520K, reserved 1058816K
  class space    used 1376K, capacity 1477K, committed 1536K, reserved 1048576K
Event: 1.587 GC heap after
Heap after GC invocations=1 (full 0):
 PSYoungGen      total 75264K, used 9469K [0x000000076c500000, 0x0000000775800000, 0x00000007c0000000)
  eden space 64512K, 0% used [0x000000076c500000,0x000000076c500000,0x0000000770400000)
  from space 10752K, 88% used [0x0000000770400000,0x0000000770d3f6c8,0x0000000770e80000)
  to   space 10752K, 0% used [0x0000000774d80000,0x0000000774d80000,0x0000000775800000)
 ParOldGen       total 172032K, used 0K [0x00000006c4e00000, 0x00000006cf600000, 0x000000076c500000)
  object space 172032K, 0% used [0x00000006c4e00000,0x00000006c4e00000,0x00000006cf600000)
 Metaspace       used 11173K, capacity 11404K, committed 11520K, reserved 1058816K
  class space    used 1376K, capacity 1477K, committed 1536K, reserved 1048576K
}
Event: 3.613 GC heap before
{Heap before GC invocations=2 (full 0):
 PSYoungGen      total 75264K, used 73981K [0x000000076c500000, 0x0000000775800000, 0x00000007c0000000)
  eden space 64512K, 100% used [0x000000076c500000,0x0000000770400000,0x0000000770400000)
  from space 10752K, 88% used [0x0000000770400000,0x0000000770d3f6c8,0x0000000770e80000)
  to   space 10752K, 0% used [0x0000000774d80000,0x0000000774d80000,0x0000000775800000)
 ParOldGen       total 172032K, used 0K [0x00000006c4e00000, 0x00000006cf600000, 0x000000076c500000)
  object space 172032K, 0% used [0x00000006c4e00000,0x00000006c4e00000,0x00000006cf600000)
 Metaspace       used 14999K, capacity 15260K, committed 15488K, reserved 1062912K
  class space    used 1811K, capacity 1912K, committed 1920K, reserved 1048576K
Event: 3.689 GC heap after
Heap after GC invocations=2 (full 0):
 PSYoungGen      total 139776K, used 10749K [0x000000076c500000, 0x0000000775800000, 0x00000007c0000000)
  eden space 129024K, 0% used [0x000000076c500000,0x000000076c500000,0x0000000774300000)
  from space 10752K, 99% used [0x0000000774d80000,0x00000007757ff678,0x0000000775800000)
  to   space 10752K, 0% used [0x0000000774300000,0x0000000774300000,0x0000000774d80000)
 ParOldGen       total 172032K, used 1436K [0x00000006c4e00000, 0x00000006cf600000, 0x000000076c500000)
  object space 172032K, 0% used [0x00000006c4e00000,0x00000006c4f67118,0x00000006cf600000)
 Metaspace       used 14999K, capacity 15260K, committed 15488K, reserved 1062912K
  class space    used 1811K, capacity 1912K, committed 1920K, reserved 1048576K
}
Event: 10.482 GC heap before
{Heap before GC invocations=3 (full 0):
 PSYoungGen      total 139776K, used 139773K [0x000000076c500000, 0x0000000775800000, 0x00000007c0000000)
  eden space 129024K, 100% used [0x000000076c500000,0x0000000774300000,0x0000000774300000)
  from space 10752K, 99% used [0x0000000774d80000,0x00000007757ff678,0x0000000775800000)
  to   space 10752K, 0% used [0x0000000774300000,0x0000000774300000,0x0000000774d80000)
 ParOldGen       total 172032K, used 1436K [0x00000006c4e00000, 0x00000006cf600000, 0x000000076c500000)
  object space 172032K, 0% used [0x00000006c4e00000,0x00000006c4f67118,0x00000006cf600000)
 Metaspace       used 15924K, capacity 16250K, committed 16384K, reserved 1062912K
  class space    used 1852K, capacity 1956K, committed 2048K, reserved 1048576K
Event: 10.521 GC heap after
Heap after GC invocations=3 (full 0):
 PSYoungGen      total 139776K, used 10720K [0x000000076c500000, 0x0000000775800000, 0x00000007c0000000)
  eden space 129024K, 0% used [0x000000076c500000,0x000000076c500000,0x0000000774300000)
  from space 10752K, 99% used [0x0000000774300000,0x0000000774d78020,0x0000000774d80000)
  to   space 10752K, 0% used [0x0000000774d80000,0x0000000774d80000,0x0000000775800000)
 ParOldGen       total 172032K, used 14285K [0x00000006c4e00000, 0x00000006cf600000, 0x000000076c500000)
  object space 172032K, 8% used [0x00000006c4e00000,0x00000006c5bf34e8,0x00000006cf600000)
 Metaspace       used 15924K, capacity 16250K, committed 16384K, reserved 1062912K
  class space    used 1852K, capacity 1956K, committed 2048K, reserved 1048576K
}

