# JRE version: Java(TM) SE Runtime Environment (8.0_102-b14) (build 1.8.0_102-b14)
# Java VM: Java HotSpot(TM) 64-Bit Server VM (25.102-b14 mixed mode windows-amd64 compressed oops)
Heap:
 PSYoungGen      total 75264K, used 29637K [0x000000076c500000, 0x0000000773480000, 0x00000007c0000000)
  eden space 64512K, 31% used [0x000000076c500000,0x000000076d8c4f50,0x0000000770400000)
  from space 10752K, 87% used [0x0000000770e80000,0x00000007717ac510,0x0000000771900000)
  to   space 10752K, 0% used [0x0000000770400000,0x0000000770400000,0x0000000770e80000)
 ParOldGen       total 92160K, used 340K [0x00000006c4e00000, 0x00000006ca800000, 0x000000076c500000)
  object space 92160K, 0% used [0x00000006c4e00000,0x00000006c4e553e8,0x00000006ca800000)
 Metaspace       used 13286K, capacity 13464K, committed 13568K, reserved 1064960K
  class space    used 1658K, capacity 1745K, committed 1792K, reserved 1048576K
GC Heap History (6 events):
Event: 0.174 GC heap before
{Heap before GC invocations=1 (full 0):
 PSYoungGen      total 75264K, used 2580K [0x000000076c500000, 0x0000000771900000, 0x00000007c0000000)
  eden space 64512K, 4% used [0x000000076c500000,0x000000076c785208,0x0000000770400000)
  from space 10752K, 0% used [0x0000000770e80000,0x0000000770e80000,0x0000000771900000)
  to   space 10752K, 0% used [0x0000000770400000,0x0000000770400000,0x0000000770e80000)
 ParOldGen       total 172032K, used 0K [0x00000006c4e00000, 0x00000006cf600000, 0x000000076c500000)
  object space 172032K, 0% used [0x00000006c4e00000,0x00000006c4e00000,0x00000006cf600000)
 Metaspace       used 2792K, capacity 4482K, committed 4608K, reserved 1062912K
  class space    used 302K, capacity 386K, committed 512K, reserved 1048576K
Event: 0.178 GC heap after
Heap after GC invocations=1 (full 0):
 PSYoungGen      total 75264K, used 384K [0x000000076c500000, 0x0000000771900000, 0x00000007c0000000)
  eden space 64512K, 0% used [0x000000076c500000,0x000000076c500000,0x0000000770400000)
  from space 10752K, 3% used [0x0000000770400000,0x0000000770460020,0x0000000770e80000)
  to   space 10752K, 0% used [0x0000000770e80000,0x0000000770e80000,0x0000000771900000)
 ParOldGen       total 172032K, used 0K [0x00000006c4e00000, 0x00000006cf600000, 0x000000076c500000)
  object space 172032K, 0% used [0x00000006c4e00000,0x00000006c4e00000,0x00000006cf600000)
 Metaspace       used 2792K, capacity 4482K, committed 4608K, reserved 1062912K
  class space    used 302K, capacity 386K, committed 512K, reserved 1048576K
}
Event: 0.178 GC heap before
{Heap before GC invocations=2 (full 1):
 PSYoungGen      total 75264K, used 384K [0x000000076c500000, 0x0000000771900000, 0x00000007c0000000)
  eden space 64512K, 0% used [0x000000076c500000,0x000000076c500000,0x0000000770400000)
  from space 10752K, 3% used [0x0000000770400000,0x0000000770460020,0x0000000770e80000)
  to   space 10752K, 0% used [0x0000000770e80000,0x0000000770e80000,0x0000000771900000)
 ParOldGen       total 172032K, used 0K [0x00000006c4e00000, 0x00000006cf600000, 0x000000076c500000)
  object space 172032K, 0% used [0x00000006c4e00000,0x00000006c4e00000,0x00000006cf600000)
 Metaspace       used 2792K, capacity 4482K, committed 4608K, reserved 1062912K
  class space    used 302K, capacity 386K, committed 512K, reserved 1048576K
Event: 0.181 GC heap after
Heap after GC invocations=2 (full 1):
 PSYoungGen      total 75264K, used 0K [0x000000076c500000, 0x0000000771900000, 0x00000007c0000000)
  eden space 64512K, 0% used [0x000000076c500000,0x000000076c500000,0x0000000770400000)
  from space 10752K, 0% used [0x0000000770400000,0x0000000770400000,0x0000000770e80000)
  to   space 10752K, 0% used [0x0000000770e80000,0x0000000770e80000,0x0000000771900000)
 ParOldGen       total 92160K, used 332K [0x00000006c4e00000, 0x00000006ca800000, 0x000000076c500000)
  object space 92160K, 0% used [0x00000006c4e00000,0x00000006c4e533e8,0x00000006ca800000)
 Metaspace       used 2792K, capacity 4482K, committed 4608K, reserved 1058816K
  class space    used 302K, capacity 386K, committed 512K, reserved 1048576K
}
Event: 2.097 GC heap before
{Heap before GC invocations=3 (full 1):
 PSYoungGen      total 75264K, used 64512K [0x000000076c500000, 0x0000000771900000, 0x00000007c0000000)
  eden space 64512K, 100% used [0x000000076c500000,0x0000000770400000,0x0000000770400000)
  from space 10752K, 0% used [0x0000000770400000,0x0000000770400000,0x0000000770e80000)
  to   space 10752K, 0% used [0x0000000770e80000,0x0000000770e80000,0x0000000771900000)
 ParOldGen       total 92160K, used 332K [0x00000006c4e00000, 0x00000006ca800000, 0x000000076c500000)
  object space 92160K, 0% used [0x00000006c4e00000,0x00000006c4e533e8,0x00000006ca800000)
 Metaspace       used 11222K, capacity 11404K, committed 11520K, reserved 1062912K
  class space    used 1384K, capacity 1477K, committed 1536K, reserved 1048576K
Event: 2.104 GC heap after
Heap after GC invocations=3 (full 1):
 PSYoungGen      total 75264K, used 9393K [0x000000076c500000, 0x0000000773480000, 0x00000007c0000000)
  eden space 64512K, 0% used [0x000000076c500000,0x000000076c500000,0x0000000770400000)
  from space 10752K, 87% used [0x0000000770e80000,0x00000007717ac510,0x0000000771900000)
  to   space 10752K, 0% used [0x0000000770400000,0x0000000770400000,0x0000000770e80000)
 ParOldGen       total 92160K, used 340K [0x00000006c4e00000, 0x00000006ca800000, 0x000000076c500000)
  object space 92160K, 0% used [0x00000006c4e00000,0x00000006c4e553e8,0x00000006ca800000)
 Metaspace       used 11222K, capacity 11404K, committed 11520K, reserved 1062912K
  class space    used 1384K, capacity 1477K, committed 1536K, reserved 1048576K
}

